<?xml version="1.0" encoding="UTF-8"?>
<!-- Generated by org.testng.reporters.JUnitReportReporter -->
<testsuite hostname="IBM-JXR2KN3" failures="0" tests="3" name="com.TN.qa.testCases.Register" time="20.859" errors="0" timestamp="2025-03-15T21:07:33 IST" skipped="0">
  <testcase classname="com.TN.qa.testCases.Register" name="registerWithMandatoryFields" time="6.889"/>
  <testcase classname="com.TN.qa.testCases.Register" name="registerWithExistingUser" time="7.075"/>
  <testcase classname="com.TN.qa.testCases.Register" name="registerWithoutDetails" time="6.895"/>
</testsuite> <!-- com.TN.qa.testCases.Register -->
