<?xml version="1.0" encoding="UTF-8"?>
<!-- Generated by org.testng.reporters.JUnitReportReporter -->
<testsuite hostname="IBM-JXR2KN3" failures="0" tests="5" name="com.TN.qa.testCases.Login" time="30.209" errors="0" timestamp="2025-03-15T21:07:33 IST" skipped="0">
  <testcase classname="com.TN.qa.testCases.Login" name="loginWithValidCred" time="6.436"/>
  <testcase classname="com.TN.qa.testCases.Login" name="loginWithInvalidCred" time="6.161"/>
  <testcase classname="com.TN.qa.testCases.Login" name="loginWithInvalidEmailValidPwd" time="6.306"/>
  <testcase classname="com.TN.qa.testCases.Login" name="loginWithValidEmailInvalidPwd" time="5.262"/>
  <testcase classname="com.TN.qa.testCases.Login" name="loginWithoutCred" time="6.044"/>
</testsuite> <!-- com.TN.qa.testCases.Login -->
